[22-Jun-2023 19:17:42 UTC] PHP Fatal error:  Constant expression contains invalid operations in C:\laragon\www\campus-chronicles\app\Http\Livewire\Player.php on line 14
[26-Jun-2023 17:54:44 UTC] PHP Fatal error:  Constant expression contains invalid operations in C:\laragon\www\campus-chronicles\app\Http\Livewire\ContinueListening.php on line 15
[26-Jun-2023 17:54:45 UTC] PHP Fatal error:  Constant expression contains invalid operations in C:\laragon\www\campus-chronicles\app\Http\Livewire\ContinueListening.php on line 15
[26-Jun-2023 17:54:46 UTC] PHP Fatal error:  Constant expression contains invalid operations in C:\laragon\www\campus-chronicles\app\Http\Livewire\ContinueListening.php on line 15
[26-Jun-2023 17:54:47 UTC] PHP Fatal error:  Constant expression contains invalid operations in C:\laragon\www\campus-chronicles\app\Http\Livewire\ContinueListening.php on line 15
[26-Jun-2023 17:54:48 UTC] PHP Fatal error:  Constant expression contains invalid operations in C:\laragon\www\campus-chronicles\app\Http\Livewire\ContinueListening.php on line 15
[26-Jun-2023 17:54:49 UTC] PHP Fatal error:  Constant expression contains invalid operations in C:\laragon\www\campus-chronicles\app\Http\Livewire\ContinueListening.php on line 15
[26-Jun-2023 17:54:50 UTC] PHP Fatal error:  Constant expression contains invalid operations in C:\laragon\www\campus-chronicles\app\Http\Livewire\ContinueListening.php on line 15
[26-Jun-2023 17:54:51 UTC] PHP Fatal error:  Constant expression contains invalid operations in C:\laragon\www\campus-chronicles\app\Http\Livewire\ContinueListening.php on line 15
[26-Jun-2023 17:54:52 UTC] PHP Fatal error:  Constant expression contains invalid operations in C:\laragon\www\campus-chronicles\app\Http\Livewire\ContinueListening.php on line 15
[26-Jun-2023 17:54:53 UTC] PHP Fatal error:  Constant expression contains invalid operations in C:\laragon\www\campus-chronicles\app\Http\Livewire\ContinueListening.php on line 15
[26-Jun-2023 17:54:54 UTC] PHP Fatal error:  Constant expression contains invalid operations in C:\laragon\www\campus-chronicles\app\Http\Livewire\ContinueListening.php on line 15
[26-Jun-2023 17:54:55 UTC] PHP Fatal error:  Constant expression contains invalid operations in C:\laragon\www\campus-chronicles\app\Http\Livewire\ContinueListening.php on line 15
[26-Jun-2023 17:54:56 UTC] PHP Fatal error:  Constant expression contains invalid operations in C:\laragon\www\campus-chronicles\app\Http\Livewire\ContinueListening.php on line 15
[26-Jun-2023 17:54:57 UTC] PHP Fatal error:  Constant expression contains invalid operations in C:\laragon\www\campus-chronicles\app\Http\Livewire\ContinueListening.php on line 15
[26-Jun-2023 17:54:58 UTC] PHP Fatal error:  Constant expression contains invalid operations in C:\laragon\www\campus-chronicles\app\Http\Livewire\ContinueListening.php on line 15
[26-Jun-2023 17:54:59 UTC] PHP Fatal error:  Constant expression contains invalid operations in C:\laragon\www\campus-chronicles\app\Http\Livewire\ContinueListening.php on line 15
[26-Jun-2023 17:55:00 UTC] PHP Fatal error:  Constant expression contains invalid operations in C:\laragon\www\campus-chronicles\app\Http\Livewire\ContinueListening.php on line 15
[26-Jun-2023 17:55:01 UTC] PHP Fatal error:  Constant expression contains invalid operations in C:\laragon\www\campus-chronicles\app\Http\Livewire\ContinueListening.php on line 15
[26-Jun-2023 17:55:01 UTC] PHP Fatal error:  Constant expression contains invalid operations in C:\laragon\www\campus-chronicles\app\Http\Livewire\ContinueListening.php on line 15
[11-Jul-2023 21:01:13 UTC] PHP Fatal error:  Can't use function return value in write context in C:\laragon\www\campus-chronicles\storage\framework\views\5034d8ed4d2c2447076393c4f26ac55b.php on line 59
[11-Jul-2023 21:01:13 UTC] PHP Fatal error:  Can't use function return value in write context in C:\laragon\www\campus-chronicles\storage\framework\views\5034d8ed4d2c2447076393c4f26ac55b.php on line 59
[11-Jul-2023 21:01:14 UTC] PHP Fatal error:  Can't use function return value in write context in C:\laragon\www\campus-chronicles\storage\framework\views\5034d8ed4d2c2447076393c4f26ac55b.php on line 59
[11-Jul-2023 21:01:14 UTC] PHP Fatal error:  Can't use function return value in write context in C:\laragon\www\campus-chronicles\storage\framework\views\5034d8ed4d2c2447076393c4f26ac55b.php on line 59
[15-Jul-2023 10:23:33 UTC] PHP Fatal error:  Constant expression contains invalid operations in C:\laragon\www\campus-chronicles\app\Http\Livewire\FeaturedPodcast.php on line 12
[15-Jul-2023 10:23:38 UTC] PHP Fatal error:  Constant expression contains invalid operations in C:\laragon\www\campus-chronicles\app\Http\Livewire\FeaturedPodcast.php on line 12
[19-Aug-2023 14:28:52 Etc/GMT+3] PHP Warning:  require(C:\laragon\www\campus-chronicles\vendor\laravel\framework\src\Illuminate\Collections\helpers.php): Failed to open stream: No such file or directory in C:\laragon\www\campus-chronicles\vendor\composer\autoload_real.php on line 41
[19-Aug-2023 14:28:52 Etc/GMT+3] PHP Fatal error:  Uncaught Error: Failed opening required 'C:\laragon\www\campus-chronicles\vendor\composer/../laravel/framework/src/Illuminate/Collections/helpers.php' (include_path='.;C:\php\pear') in C:\laragon\www\campus-chronicles\vendor\composer\autoload_real.php:41
Stack trace:
#0 C:\laragon\www\campus-chronicles\vendor\composer\autoload_real.php(45): {closure}()
#1 C:\laragon\www\campus-chronicles\vendor\autoload.php(25): ComposerAutoloaderInit13c1c765c70893718ec3d803e082ad80::getLoader()
#2 C:\laragon\www\campus-chronicles\public\index.php(34): require('...')
#3 C:\laragon\www\campus-chronicles\vendor\laravel\framework\src\Illuminate\Foundation\resources\server.php(16): require_once('...')
#4 {main}
  thrown in C:\laragon\www\campus-chronicles\vendor\composer\autoload_real.php on line 41
